  function.c
c:\users\64607\desktop\ekf代码\ekf_slam_3.0\ekf_slam_3.0\function.c(125): warning C4244: “=”: 从“double”转换到“float”，可能丢失数据
c:\users\64607\desktop\ekf代码\ekf_slam_3.0\ekf_slam_3.0\function.c(128): warning C4244: “=”: 从“double”转换到“float”，可能丢失数据
c:\users\64607\desktop\ekf代码\ekf_slam_3.0\ekf_slam_3.0\function.c(164): warning C4244: “=”: 从“double”转换到“float”，可能丢失数据
c:\users\64607\desktop\ekf代码\ekf_slam_3.0\ekf_slam_3.0\function.c(165): warning C4244: “=”: 从“double”转换到“float”，可能丢失数据
c:\users\64607\desktop\ekf代码\ekf_slam_3.0\ekf_slam_3.0\function.c(166): warning C4244: “=”: 从“double”转换到“float”，可能丢失数据
c:\users\64607\desktop\ekf代码\ekf_slam_3.0\ekf_slam_3.0\function.c(200): warning C4244: “=”: 从“double”转换到“float”，可能丢失数据
c:\users\64607\desktop\ekf代码\ekf_slam_3.0\ekf_slam_3.0\function.c(201): warning C4244: “=”: 从“double”转换到“float”，可能丢失数据
c:\users\64607\desktop\ekf代码\ekf_slam_3.0\ekf_slam_3.0\function.c(202): warning C4244: “函数”: 从“double”转换到“float”，可能丢失数据
  main.c
c:\users\64607\desktop\ekf代码\ekf_slam_3.0\ekf_slam_3.0\main.c(299): warning C4244: “=”: 从“int”转换到“float”，可能丢失数据
c:\users\64607\desktop\ekf代码\ekf_slam_3.0\ekf_slam_3.0\main.c(319): warning C4244: “函数”: 从“float”转换到“int”，可能丢失数据
c:\users\64607\desktop\ekf代码\ekf_slam_3.0\ekf_slam_3.0\main.c(378): warning C4244: “函数”: 从“float”转换到“int”，可能丢失数据
c:\users\64607\desktop\ekf代码\ekf_slam_3.0\ekf_slam_3.0\main.c(74): warning C4305: “初始化”: 从“double”到“float”截断
c:\users\64607\desktop\ekf代码\ekf_slam_3.0\ekf_slam_3.0\main.c(75): warning C4305: “初始化”: 从“double”到“float”截断
  matrix_operation.c
c:\users\64607\desktop\ekf代码\ekf_slam_3.0\ekf_slam_3.0\matrix_operation.c(251): warning C4028: 形参 6 与声明不同
c:\users\64607\desktop\ekf代码\ekf_slam_3.0\ekf_slam_3.0\matrix_operation.c(270): warning C4013: “array_extend”未定义；假设外部返回 int
c:\users\64607\desktop\ekf代码\ekf_slam_3.0\ekf_slam_3.0\matrix_operation.c(270): warning C4047: “=”:“float **”与“int”的间接级别不同
  正在生成代码...
c:\users\64607\desktop\ekf代码\ekf_slam_3.0\ekf_slam_3.0\matrix_operation.c(62): warning C4716: “matrix_free”: 必须返回一个值
c:\users\64607\desktop\ekf代码\ekf_slam_3.0\ekf_slam_3.0\matrix_operation.c(49): warning C4716: “matrix_clear”: 必须返回一个值
  EKF_SLAM_3.0.vcxproj -> C:\Users\64607\Desktop\EKF代码\EKF_SLAM_3.0\Debug\EKF_SLAM_3.0.exe
